{"id": 1, "name": "John Doe", "age": 30, "email": "john@example.com"}
{"id": 2, "name": "Jane Smith", "age": 25, "email": "jane@example.com"}
{"id": 3, "name": "Alice Johnson", "age": 35, "email": "alice@example.com"}
{"id": 4, "name": "Bob Smith", "age": 40, "email": "bob@example.com"}
{"id": 5, "name": "Michael Johnson", "age": 45, "email": "michael@example.com"}
{"id": 6, "name": "Emily Brown", "age": 28, "email": "emily@example.com"}
{"id": 7, "name": "William Wilson", "age": 33, "email": "william@example.com"}
{"id": 8, "name": "Olivia Davis", "age": 39, "email": "olivia@example.com"}
{"id": 9, "name": "James Miller", "age": 42, "email": "james@example.com"}
{"id": 10, "name": "Sophia Taylor", "age": 29, "email": "sophia@example.com"}
{"id": 11, "name": "Daniel Anderson", "age": 37, "email": "daniel@example.com"}
{"id": 12, "name": "Mia Martinez", "age": 34, "email": "mia@example.com"}
{"id": 13, "name": "Alexander Thomas", "age": 31, "email": "alexander@example.com"}
{"id": 14, "name": "Ava White", "age": 26, "email": "ava@example.com"}
{"id": 15, "name": "Ethan Harris", "age": 41, "email": "ethan@example.com"}
{"id": 16, "name": "Isabella Martin", "age": 36, "email": "isabella@example.com"}
{"id": 17, "name": "Matthew Garcia", "age": 27, "email": "matthew@example.com"}
{"id": 18, "name": "Amelia Lee", "age": 32, "email": "amelia@example.com"}
{"id": 19, "name": "Benjamin Robinson", "age": 38, "email": "benjamin@example.com"}
{"id": 20, "name": "Chloe Clark", "age": 43, "email": "chloe@example.com"}
